<?xml version="1.0" encoding="utf-8"?><testsuites name="pytest tests"><testsuite name="pytest" errors="0" failures="0" skipped="0" tests="81" time="88.167" timestamp="2026-04-24T18:20:29.455177+00:00" hostname="agent-env-af699cf1-b45d-4357-967c-de02d54e0d9e"><testcase classname="backend.tests.backend_test" name="test_health" time="0.133" /><testcase classname="backend.tests.backend_test.TestAuth" name="test_login_creator_sets_cookies" time="0.350" /><testcase classname="backend.tests.backend_test.TestAuth" name="test_login_admin" time="0.366" /><testcase classname="backend.tests.backend_test.TestAuth" name="test_me_with_cookie" time="0.395" /><testcase classname="backend.tests.backend_test.TestAuth" name="test_invalid_credentials" time="0.369" /><testcase classname="backend.tests.backend_test.TestAuth" name="test_register_and_logout" time="0.617" /><testcase classname="backend.tests.backend_test.TestProjects" name="test_list_seeded" time="0.048" /><testcase classname="backend.tests.backend_test.TestProjects" name="test_create_valid" time="0.166" /><testcase classname="backend.tests.backend_test.TestProjects" name="test_create_invalid_niche" time="0.052" /><testcase classname="backend.tests.backend_test.TestProjects" name="test_create_invalid_duration" time="0.069" /><testcase classname="backend.tests.backend_test.TestProjects" name="test_patch_and_delete" time="0.219" /><testcase classname="backend.tests.backend_test.TestGeneration" name="test_generate_script" time="17.653" /><testcase classname="backend.tests.backend_test.TestGeneration" name="test_scenes_requires_script" time="0.164" /><testcase classname="backend.tests.backend_test.TestGeneration" name="test_generate_scenes" time="24.972" /><testcase classname="backend.tests.backend_test.TestGeneration" name="test_generate_metadata" time="10.235" /><testcase classname="backend.tests.backend_test.TestGeneration" name="test_generate_thumbnails" time="16.224" /><testcase classname="backend.tests.backend_test.TestGeneration" name="test_render_all_ready" time="0.145" /><testcase classname="backend.tests.backend_test.TestGeneration" name="test_render_missing_artefacts" time="0.193" /><testcase classname="backend.tests.backend_test.TestGeneration" name="test_patch_script_recomputes_wordcount" time="0.057" /><testcase classname="backend.tests.backend_test.TestGeneration" name="test_patch_metadata" time="0.054" /><testcase classname="backend.tests.backend_test.TestExports" name="test_script_txt" time="0.060" /><testcase classname="backend.tests.backend_test.TestExports" name="test_scenes_csv" time="0.049" /><testcase classname="backend.tests.backend_test.TestExports" name="test_metadata_json" time="0.059" /><testcase classname="backend.tests.backend_test.TestExports" name="test_package_zip" time="0.054" /><testcase classname="backend.tests.backend_test.TestAnalytics" name="test_overview" time="0.063" /><testcase classname="backend.tests.backend_test.TestSettings" name="test_get_and_patch" time="0.104" /><testcase classname="backend.tests.backend_test.TestAdminRBAC" name="test_admin_list_users" time="0.425" /><testcase classname="backend.tests.backend_test.TestAdminRBAC" name="test_admin_forbidden_for_creator" time="0.089" /><testcase classname="backend.tests.backend_test.TestAdminRBAC" name="test_patch_role" time="0.429" /><testcase classname="backend.tests.backend_test.TestOwnershipAndViewer" name="test_viewer_cannot_create" time="0.385" /><testcase classname="backend.tests.backend_test.TestOwnershipAndViewer" name="test_creator_cannot_access_other_project" time="0.538" /><testcase classname="backend.tests.backend_test.TestShareLinks" name="test_enable_share_draft_rejected" time="0.116" /><testcase classname="backend.tests.backend_test.TestShareLinks" name="test_enable_share_on_completed" time="0.117" /><testcase classname="backend.tests.backend_test.TestShareLinks" name="test_project_view_contains_share_block" time="0.059" /><testcase classname="backend.tests.backend_test.TestShareLinks" name="test_enable_share_with_title_override" time="0.053" /><testcase classname="backend.tests.backend_test.TestShareLinks" name="test_patch_share_clears_title" time="0.108" /><testcase classname="backend.tests.backend_test.TestShareLinks" name="test_public_share_anonymous_access" time="0.155" /><testcase classname="backend.tests.backend_test.TestShareLinks" name="test_public_unknown_token_404" time="0.119" /><testcase classname="backend.tests.backend_test.TestShareLinks" name="test_public_short_token_404" time="0.113" /><testcase classname="backend.tests.backend_test.TestShareLinks" name="test_view_count_increments" time="0.707" /><testcase classname="backend.tests.backend_test.TestShareLinks" name="test_regenerate_rotates_token_and_resets_count" time="0.487" /><testcase classname="backend.tests.backend_test.TestShareLinks" name="test_disable_makes_public_404" time="0.308" /><testcase classname="backend.tests.backend_test.TestShareLinks" name="test_other_creator_forbidden" time="0.614" /><testcase classname="backend.tests.backend_test.TestShareLinks" name="test_admin_can_manage_share" time="0.053" /><testcase classname="backend.tests.backend_test.TestForgotPassword" name="test_forgot_existing_email_returns_dev_token" time="0.191" /><testcase classname="backend.tests.backend_test.TestForgotPassword" name="test_forgot_unknown_email_no_leak" time="0.190" /><testcase classname="backend.tests.backend_test.TestForgotPassword" name="test_forgot_rate_limit_after_5" time="0.743" /><testcase classname="backend.tests.backend_test.TestForgotPassword" name="test_forgot_invalidates_previous_token" time="0.335" /><testcase classname="backend.tests.backend_test.TestForgotPassword" name="test_reset_password_valid_flow" time="1.141" /><testcase classname="backend.tests.backend_test.TestForgotPassword" name="test_reset_password_reused_token" time="0.575" /><testcase classname="backend.tests.backend_test.TestForgotPassword" name="test_reset_password_unknown_token" time="0.108" /><testcase classname="backend.tests.backend_test.TestForgotPassword" name="test_reset_password_expired_token" time="0.167" /><testcase classname="backend.tests.backend_test.TestForgotPassword" name="test_reset_password_too_short_422" time="0.268" /><testcase classname="backend.tests.backend_test.TestForgotPassword" name="test_forgot_invalid_email_422" time="0.945" /><testcase classname="backend.tests.backend_test.TestStockFetcher" name="test_stock_meta_mock_mode" time="0.160" /><testcase classname="backend.tests.backend_test.TestStockFetcher" name="test_stock_search_shape_and_determinism" time="0.115" /><testcase classname="backend.tests.backend_test.TestStockFetcher" name="test_stock_search_empty_query_uses_topic" time="0.052" /><testcase classname="backend.tests.backend_test.TestStockFetcher" name="test_find_assets_auto_query_from_search_terms" time="0.061" /><testcase classname="backend.tests.backend_test.TestStockFetcher" name="test_find_assets_media_type_photos" time="0.056" /><testcase classname="backend.tests.backend_test.TestStockFetcher" name="test_find_assets_media_type_videos" time="0.051" /><testcase classname="backend.tests.backend_test.TestStockFetcher" name="test_find_assets_media_type_both_mixes" time="0.054" /><testcase classname="backend.tests.backend_test.TestStockFetcher" name="test_find_assets_unknown_scene_404" time="0.054" /><testcase classname="backend.tests.backend_test.TestStockFetcher" name="test_find_assets_cross_user_forbidden" time="0.427" /><testcase classname="backend.tests.backend_test.TestStockFetcher" name="test_attach_patch_delete_full_flow" time="0.374" /><testcase classname="backend.tests.backend_test.TestStockFetcher" name="test_attach_cross_user_forbidden" time="0.057" /><testcase classname="backend.tests.backend_test.TestStockFetcher" name="test_attach_unknown_scene_404" time="0.125" /><testcase classname="backend.tests.backend_test.TestStockFetcher" name="test_attach_video_keeps_duration" time="0.211" /><testcase classname="backend.tests.backend_test.TestAutoAttach" name="test_auto_attach_no_scenes_400" time="0.275" /><testcase classname="backend.tests.backend_test.TestAutoAttach" name="test_auto_attach_fill_empty" time="0.164" /><testcase classname="backend.tests.backend_test.TestAutoAttach" name="test_auto_attach_skips_when_scene_has_asset" time="0.053" /><testcase classname="backend.tests.backend_test.TestAutoAttach" name="test_auto_attach_replace_existing" time="0.187" /><testcase classname="backend.tests.backend_test.TestAutoAttach" name="test_auto_attach_cross_user_forbidden" time="0.859" /><testcase classname="backend.tests.backend_test.TestDBIndex" name="test_duplicate_stock_blocked_by_index" time="0.005" /><testcase classname="backend.tests.backend_test.TestDBIndex" name="test_index_does_not_block_briefs" time="0.005" /><testcase classname="backend.tests.backend_test.TestThumbnailImages" name="test_thumbnails_meta" time="0.156" /><testcase classname="backend.tests.backend_test.TestThumbnailImages" name="test_generate_variants_1" time="0.057" /><testcase classname="backend.tests.backend_test.TestThumbnailImages" name="test_generate_variants_3_and_file_served" time="0.220" /><testcase classname="backend.tests.backend_test.TestThumbnailImages" name="test_generate_unknown_brief_404" time="0.050" /><testcase classname="backend.tests.backend_test.TestThumbnailImages" name="test_generate_variants_capped" time="0.048" /><testcase classname="backend.tests.backend_test.TestThumbnailImages" name="test_generate_cross_user_403" time="0.402" /><testcase classname="backend.tests.backend_test.TestThumbnailImages" name="test_select_reject_and_share_surface" time="1.361" /></testsuite></testsuites>