<?xml version="1.0" encoding="utf-8"?><testsuites name="pytest tests"><testsuite name="pytest" errors="0" failures="0" skipped="0" tests="4" time="0.797" timestamp="2026-06-30T05:20:38.970503+00:00" hostname="agent-env-af699cf1-b45d-4357-967c-de02d54e0d9e"><testcase classname="backend.tests.test_create_project_e2e" name="test_login_sets_cookies_and_returns_user" time="0.438" /><testcase classname="backend.tests.test_create_project_e2e" name="test_create_project_persists_and_lists" time="0.151" /><testcase classname="backend.tests.test_create_project_e2e" name="test_create_project_validation_error" time="0.048" /><testcase classname="backend.tests.test_create_project_e2e" name="test_unauthenticated_create_blocked" time="0.106" /></testsuite></testsuites>