<?xml version="1.0" encoding="utf-8"?><testsuites name="pytest tests"><testsuite name="pytest" errors="0" failures="0" skipped="0" tests="13" time="4.316" timestamp="2026-04-24T17:18:54.505673+00:00" hostname="agent-env-af699cf1-b45d-4357-967c-de02d54e0d9e"><testcase classname="tests.backend_test.TestShareLinks" name="test_enable_share_draft_rejected" time="0.686" /><testcase classname="tests.backend_test.TestShareLinks" name="test_enable_share_on_completed" time="0.111" /><testcase classname="tests.backend_test.TestShareLinks" name="test_project_view_contains_share_block" time="0.062" /><testcase classname="tests.backend_test.TestShareLinks" name="test_enable_share_with_title_override" time="0.063" /><testcase classname="tests.backend_test.TestShareLinks" name="test_patch_share_clears_title" time="0.119" /><testcase classname="tests.backend_test.TestShareLinks" name="test_public_share_anonymous_access" time="0.224" /><testcase classname="tests.backend_test.TestShareLinks" name="test_public_unknown_token_404" time="0.184" /><testcase classname="tests.backend_test.TestShareLinks" name="test_public_short_token_404" time="0.146" /><testcase classname="tests.backend_test.TestShareLinks" name="test_view_count_increments" time="0.743" /><testcase classname="tests.backend_test.TestShareLinks" name="test_regenerate_rotates_token_and_resets_count" time="0.467" /><testcase classname="tests.backend_test.TestShareLinks" name="test_disable_makes_public_404" time="0.303" /><testcase classname="tests.backend_test.TestShareLinks" name="test_other_creator_forbidden" time="0.555" /><testcase classname="tests.backend_test.TestShareLinks" name="test_admin_can_manage_share" time="0.528" /></testsuite></testsuites>