<?xml version="1.0" encoding="utf-8"?><testsuites name="pytest tests"><testsuite name="pytest" errors="0" failures="0" skipped="0" tests="44" time="86.768" timestamp="2026-04-24T17:19:02.556344+00:00" hostname="agent-env-af699cf1-b45d-4357-967c-de02d54e0d9e"><testcase classname="tests.backend_test" name="test_health" time="0.165" /><testcase classname="tests.backend_test.TestAuth" name="test_login_creator_sets_cookies" time="0.355" /><testcase classname="tests.backend_test.TestAuth" name="test_login_admin" time="0.333" /><testcase classname="tests.backend_test.TestAuth" name="test_me_with_cookie" time="0.409" /><testcase classname="tests.backend_test.TestAuth" name="test_invalid_credentials" time="0.333" /><testcase classname="tests.backend_test.TestAuth" name="test_register_and_logout" time="0.538" /><testcase classname="tests.backend_test.TestProjects" name="test_list_seeded" time="0.055" /><testcase classname="tests.backend_test.TestProjects" name="test_create_valid" time="0.157" /><testcase classname="tests.backend_test.TestProjects" name="test_create_invalid_niche" time="0.051" /><testcase classname="tests.backend_test.TestProjects" name="test_create_invalid_duration" time="0.050" /><testcase classname="tests.backend_test.TestProjects" name="test_patch_and_delete" time="0.208" /><testcase classname="tests.backend_test.TestGeneration" name="test_generate_script" time="20.723" /><testcase classname="tests.backend_test.TestGeneration" name="test_scenes_requires_script" time="0.203" /><testcase classname="tests.backend_test.TestGeneration" name="test_generate_scenes" time="25.349" /><testcase classname="tests.backend_test.TestGeneration" name="test_generate_metadata" time="15.936" /><testcase classname="tests.backend_test.TestGeneration" name="test_generate_thumbnails" time="16.226" /><testcase classname="tests.backend_test.TestGeneration" name="test_render_all_ready" time="0.063" /><testcase classname="tests.backend_test.TestGeneration" name="test_render_missing_artefacts" time="0.150" /><testcase classname="tests.backend_test.TestGeneration" name="test_patch_script_recomputes_wordcount" time="0.056" /><testcase classname="tests.backend_test.TestGeneration" name="test_patch_metadata" time="0.056" /><testcase classname="tests.backend_test.TestExports" name="test_script_txt" time="0.058" /><testcase classname="tests.backend_test.TestExports" name="test_scenes_csv" time="0.055" /><testcase classname="tests.backend_test.TestExports" name="test_metadata_json" time="0.052" /><testcase classname="tests.backend_test.TestExports" name="test_package_zip" time="0.062" /><testcase classname="tests.backend_test.TestAnalytics" name="test_overview" time="0.053" /><testcase classname="tests.backend_test.TestSettings" name="test_get_and_patch" time="0.100" /><testcase classname="tests.backend_test.TestAdminRBAC" name="test_admin_list_users" time="0.411" /><testcase classname="tests.backend_test.TestAdminRBAC" name="test_admin_forbidden_for_creator" time="0.048" /><testcase classname="tests.backend_test.TestAdminRBAC" name="test_patch_role" time="0.402" /><testcase classname="tests.backend_test.TestOwnershipAndViewer" name="test_viewer_cannot_create" time="0.389" /><testcase classname="tests.backend_test.TestOwnershipAndViewer" name="test_creator_cannot_access_other_project" time="0.483" /><testcase classname="tests.backend_test.TestShareLinks" name="test_enable_share_draft_rejected" time="0.101" /><testcase classname="tests.backend_test.TestShareLinks" name="test_enable_share_on_completed" time="0.114" /><testcase classname="tests.backend_test.TestShareLinks" name="test_project_view_contains_share_block" time="0.052" /><testcase classname="tests.backend_test.TestShareLinks" name="test_enable_share_with_title_override" time="0.050" /><testcase classname="tests.backend_test.TestShareLinks" name="test_patch_share_clears_title" time="0.100" /><testcase classname="tests.backend_test.TestShareLinks" name="test_public_share_anonymous_access" time="0.163" /><testcase classname="tests.backend_test.TestShareLinks" name="test_public_unknown_token_404" time="0.166" /><testcase classname="tests.backend_test.TestShareLinks" name="test_public_short_token_404" time="0.103" /><testcase classname="tests.backend_test.TestShareLinks" name="test_view_count_increments" time="0.708" /><testcase classname="tests.backend_test.TestShareLinks" name="test_regenerate_rotates_token_and_resets_count" time="0.519" /><testcase classname="tests.backend_test.TestShareLinks" name="test_disable_makes_public_404" time="0.304" /><testcase classname="tests.backend_test.TestShareLinks" name="test_other_creator_forbidden" time="0.564" /><testcase classname="tests.backend_test.TestShareLinks" name="test_admin_can_manage_share" time="0.210" /></testsuite></testsuites>